#
# There is insufficient memory for the Java Runtime Environment to continue.
# Native memory allocation (mmap) failed to map 264241152 bytes for G1 virtual space
# Possible reasons:
#   The system is out of physical RAM or swap space
#   The process is running with CompressedOops enabled, and the Java Heap may be blocking the growth of the native heap
# Possible solutions:
#   Reduce memory load on the system
#   Increase physical memory or swap space
#   Check if swap backing store is full
#   Decrease Java heap size (-Xmx/-Xms)
#   Decrease number of Java threads
#   Decrease Java thread stack sizes (-Xss)
#   Set larger code cache with -XX:ReservedCodeCacheSize=
#   JVM is running with Zero Based Compressed Oops mode in which the Java heap is
#     placed in the first 32GB address space. The Java Heap base address is the
#     maximum limit for the native heap growth. Please use -XX:HeapBaseMinAddress
#     to set the Java Heap base and to place the Java Heap above 32GB virtual address.
# This output file may be truncated or incomplete.
#
#  Out of Memory Error (os_windows.cpp:3603), pid=26312, tid=8256
#
# JRE version:  (21.0.6+8) (build )
# Java VM: Java HotSpot(TM) 64-Bit Server VM (21.0.6+8-LTS-188, mixed mode, sharing, tiered, compressed oops, compressed class ptrs, g1 gc, windows-amd64)
# No core dump will be written. Minidumps are not enabled by default on client versions of Windows
#

---------------  S U M M A R Y ------------

Command Line: -Dclassworlds.conf=C:\Users\rusir\.m2\wrapper\dists\apache-maven-3.9.9\977a63e90f436cd6ade95b4c0e10c20c\bin\m2.conf -Dmaven.home=C:\Users\rusir\.m2\wrapper\dists\apache-maven-3.9.9\977a63e90f436cd6ade95b4c0e10c20c -Dlibrary.jansi.path=C:\Users\rusir\.m2\wrapper\dists\apache-maven-3.9.9\977a63e90f436cd6ade95b4c0e10c20c\lib\jansi-native -Dmaven.multiModuleProjectDirectory=D:\HRMS org.codehaus.plexus.classworlds.launcher.Launcher -Dnetbeans.deploy=true -Dexec.vmArgs= -Dexec.appArgs= -Dmaven.ext.class.path=C:\Program Files\NetBeans-18\netbeans\java\maven-nblib\netbeans-eventspy.jar -Djavax.net.ssl.trustStoreType=WINDOWS-ROOT package

Host: 13th Gen Intel(R) Core(TM) i7-13700H, 20 cores, 15G,  Windows 11 , 64 bit Build 26100 (10.0.26100.3912)
Time: Sun May 18 23:12:42 2025 Sri Lanka Standard Time elapsed time: 2.026401 seconds (0d 0h 0m 2s)

---------------  T H R E A D  ---------------

Current thread (0x000001e4611f5580):  JavaThread "Unknown thread" [_thread_in_vm, id=8256, stack(0x0000003345500000,0x0000003345600000) (1024K)]

Stack: [0x0000003345500000,0x0000003345600000]
Native frames: (J=compiled Java code, j=interpreted, Vv=VM code, C=native code)
V  [jvm.dll+0x6ca6d9]
V  [jvm.dll+0x854f51]
V  [jvm.dll+0x85747e]
V  [jvm.dll+0x857b53]
V  [jvm.dll+0x27dcc6]
V  [jvm.dll+0x6c6e55]
V  [jvm.dll+0x6bb9da]
V  [jvm.dll+0x35393a]
V  [jvm.dll+0x35b596]
V  [jvm.dll+0x3adefe]
V  [jvm.dll+0x3ae1a8]
V  [jvm.dll+0x327cbc]
V  [jvm.dll+0x32881b]
V  [jvm.dll+0x81e309]
V  [jvm.dll+0x3babe1]
V  [jvm.dll+0x807658]
V  [jvm.dll+0x44fdae]
V  [jvm.dll+0x4519a1]
C  [jli.dll+0x52a3]
C  [ucrtbase.dll+0x37b0]
C  [KERNEL32.DLL+0x2e8d7]
C  [ntdll.dll+0x9c5dc]


---------------  P R O C E S S  ---------------

Threads class SMR info:
_java_thread_list=0x00007ffdb1cecc08, length=0, elements={
}

Java Threads: ( => current thread )
Total: 0

Other Threads:
  0x000001e462d60f60 WorkerThread "GC Thread#0"                     [id=11476, stack(0x0000003345600000,0x0000003345700000) (1024K)]
  0x000001e462d719a0 ConcurrentGCThread "G1 Main Marker"            [id=22956, stack(0x0000003345700000,0x0000003345800000) (1024K)]
  0x000001e462d73060 WorkerThread "G1 Conc#0"                       [id=14040, stack(0x0000003345800000,0x0000003345900000) (1024K)]

[error occurred during error reporting (printing all threads), id 0xc0000005, EXCEPTION_ACCESS_VIOLATION (0xc0000005) at pc=0x00007ffdb145a427]
VM state: not at safepoint (not fully initialized)

VM Mutex/Monitor currently owned by a thread:  ([mutex/lock_event])
[0x00007ffdb1d5df98] Heap_lock - owner thread: 0x000001e4611f5580

Heap address: 0x0000000704400000, size: 4028 MB, Compressed Oops mode: Zero based, Oop shift amount: 3

CDS archive(s) mapped at: [0x0000000000000000-0x0000000000000000-0x0000000000000000), size 0, SharedBaseAddress: 0x0000000800000000, ArchiveRelocationMode: 1.
Narrow klass base: 0x0000000000000000, Narrow klass shift: 0, Narrow klass range: 0x0

GC Precious Log:
 CardTable entry size: 512
 Card Set container configuration: InlinePtr #cards 4 size 8 Array Of Cards #cards 16 size 48 Howl #buckets 8 coarsen threshold 3686 Howl Bitmap #cards 512 size 80 coarsen threshold 460 Card regions per heap region 1 cards per card region 4096

Heap:
 garbage-first heap   total 0K, used 0K [0x0000000704400000, 0x0000000800000000)
  region size 2048K, 0 young (0K), 0 survivors (0K)

[error occurred during error reporting (printing heap information), id 0xc0000005, EXCEPTION_ACCESS_VIOLATION (0xc0000005) at pc=0x00007ffdb18436a9]
GC Heap History (0 events):
No events

Dll operation events (1 events):
Event: 0.009 Loaded shared library C:\Program Files\Java\jdk-21\bin\java.dll

Deoptimization events (0 events):
No events

Classes loaded (0 events):
No events

Classes unloaded (0 events):
No events

Classes redefined (0 events):
No events

Internal exceptions (0 events):
No events

ZGC Phase Switch (0 events):
No events

VM Operations (0 events):
No events

Events (0 events):
No events


Dynamic libraries:
0x00007ff68ebf0000 - 0x00007ff68ec00000 	C:\Program Files\Java\jdk-21\bin\java.exe
0x00007ffe6ad80000 - 0x00007ffe6afe6000 	C:\WINDOWS\SYSTEM32\ntdll.dll
0x00007ffe69fe0000 - 0x00007ffe6a0a9000 	C:\WINDOWS\System32\KERNEL32.DLL
0x00007ffe682d0000 - 0x00007ffe6869c000 	C:\WINDOWS\System32\KERNELBASE.dll
0x00007ffe680e0000 - 0x00007ffe6822b000 	C:\WINDOWS\System32\ucrtbase.dll
0x00007ffe533f0000 - 0x00007ffe5340b000 	C:\Program Files\Java\jdk-21\bin\VCRUNTIME140.dll
0x00007ffe53410000 - 0x00007ffe53429000 	C:\Program Files\Java\jdk-21\bin\jli.dll
0x00007ffe698c0000 - 0x00007ffe69972000 	C:\WINDOWS\System32\ADVAPI32.dll
0x00007ffe6a8a0000 - 0x00007ffe6a949000 	C:\WINDOWS\System32\msvcrt.dll
0x00007ffe68bd0000 - 0x00007ffe68c76000 	C:\WINDOWS\System32\sechost.dll
0x00007ffe6a150000 - 0x00007ffe6a266000 	C:\WINDOWS\System32\RPCRT4.dll
0x00007ffe69980000 - 0x00007ffe69b4a000 	C:\WINDOWS\System32\USER32.dll
0x00007ffe68a60000 - 0x00007ffe68a87000 	C:\WINDOWS\System32\win32u.dll
0x00007ffe69700000 - 0x00007ffe6972b000 	C:\WINDOWS\System32\GDI32.dll
0x00007ffe67fa0000 - 0x00007ffe680d2000 	C:\WINDOWS\System32\gdi32full.dll
0x00007ffe68a90000 - 0x00007ffe68b33000 	C:\WINDOWS\System32\msvcp_win.dll
0x00007ffe4e860000 - 0x00007ffe4eafa000 	C:\WINDOWS\WinSxS\amd64_microsoft.windows.common-controls_6595b64144ccf1df_6.0.26100.3912_none_3e07963ce335137e\COMCTL32.dll
0x00007ffe50b10000 - 0x00007ffe50b1b000 	C:\WINDOWS\SYSTEM32\VERSION.dll
0x00007ffe6a100000 - 0x00007ffe6a130000 	C:\WINDOWS\System32\IMM32.DLL
0x00007ffe5cb40000 - 0x00007ffe5cb4c000 	C:\Program Files\Java\jdk-21\bin\vcruntime140_1.dll
0x00007ffe1ff80000 - 0x00007ffe2000e000 	C:\Program Files\Java\jdk-21\bin\msvcp140.dll
0x00007ffdb1120000 - 0x00007ffdb1e3a000 	C:\Program Files\Java\jdk-21\bin\server\jvm.dll
0x00007ffe6ab50000 - 0x00007ffe6abc4000 	C:\WINDOWS\System32\WS2_32.dll
0x00007ffe66b00000 - 0x00007ffe66b5e000 	C:\WINDOWS\SYSTEM32\POWRPROF.dll
0x00007ffe5aa40000 - 0x00007ffe5aa76000 	C:\WINDOWS\SYSTEM32\WINMM.dll
0x00007ffe66ae0000 - 0x00007ffe66af4000 	C:\WINDOWS\SYSTEM32\UMPDC.dll
0x00007ffe66dc0000 - 0x00007ffe66dda000 	C:\WINDOWS\SYSTEM32\kernel.appcore.dll
0x00007ffe5ab50000 - 0x00007ffe5ab5a000 	C:\Program Files\Java\jdk-21\bin\jimage.dll
0x00007ffe65710000 - 0x00007ffe65951000 	C:\WINDOWS\SYSTEM32\DBGHELP.DLL
0x00007ffe6a2a0000 - 0x00007ffe6a624000 	C:\WINDOWS\System32\combase.dll
0x00007ffe68e60000 - 0x00007ffe68f40000 	C:\WINDOWS\System32\OLEAUT32.dll
0x00007ffe3b0f0000 - 0x00007ffe3b129000 	C:\WINDOWS\SYSTEM32\dbgcore.DLL
0x00007ffe68230000 - 0x00007ffe682c9000 	C:\WINDOWS\System32\bcryptPrimitives.dll
0x00007ffe523b0000 - 0x00007ffe523cf000 	C:\Program Files\Java\jdk-21\bin\java.dll

dbghelp: loaded successfully - version: 4.0.5 - missing functions: none
symbol engine: initialized successfully - sym options: 0x614 - pdb path: .;C:\Program Files\Java\jdk-21\bin;C:\WINDOWS\SYSTEM32;C:\WINDOWS\WinSxS\amd64_microsoft.windows.common-controls_6595b64144ccf1df_6.0.26100.3912_none_3e07963ce335137e;C:\Program Files\Java\jdk-21\bin\server

VM Arguments:
jvm_args: -Dclassworlds.conf=C:\Users\rusir\.m2\wrapper\dists\apache-maven-3.9.9\977a63e90f436cd6ade95b4c0e10c20c\bin\m2.conf -Dmaven.home=C:\Users\rusir\.m2\wrapper\dists\apache-maven-3.9.9\977a63e90f436cd6ade95b4c0e10c20c -Dlibrary.jansi.path=C:\Users\rusir\.m2\wrapper\dists\apache-maven-3.9.9\977a63e90f436cd6ade95b4c0e10c20c\lib\jansi-native -Dmaven.multiModuleProjectDirectory=D:\HRMS 
java_command: org.codehaus.plexus.classworlds.launcher.Launcher -Dnetbeans.deploy=true -Dexec.vmArgs= -Dexec.appArgs= -Dmaven.ext.class.path=C:\Program Files\NetBeans-18\netbeans\java\maven-nblib\netbeans-eventspy.jar -Djavax.net.ssl.trustStoreType=WINDOWS-ROOT package
java_class_path (initial): C:\Users\rusir\.m2\wrapper\dists\apache-maven-3.9.9\977a63e90f436cd6ade95b4c0e10c20c\boot\plexus-classworlds-2.8.0.jar
Launcher Type: SUN_STANDARD

[Global flags]
     intx CICompilerCount                          = 12                                        {product} {ergonomic}
     uint ConcGCThreads                            = 4                                         {product} {ergonomic}
     uint G1ConcRefinementThreads                  = 15                                        {product} {ergonomic}
   size_t G1HeapRegionSize                         = 2097152                                   {product} {ergonomic}
    uintx GCDrainStackTargetSize                   = 64                                        {product} {ergonomic}
   size_t InitialHeapSize                          = 264241152                                 {product} {ergonomic}
   size_t MarkStackSize                            = 4194304                                   {product} {ergonomic}
   size_t MaxHeapSize                              = 4223664128                                {product} {ergonomic}
   size_t MinHeapDeltaBytes                        = 2097152                                   {product} {ergonomic}
   size_t MinHeapSize                              = 8388608                                   {product} {ergonomic}
    uintx NonNMethodCodeHeapSize                   = 7602480                                {pd product} {ergonomic}
    uintx NonProfiledCodeHeapSize                  = 122027880                              {pd product} {ergonomic}
    uintx ProfiledCodeHeapSize                     = 122027880                              {pd product} {ergonomic}
    uintx ReservedCodeCacheSize                    = 251658240                              {pd product} {ergonomic}
     bool SegmentedCodeCache                       = true                                      {product} {ergonomic}
   size_t SoftMaxHeapSize                          = 4223664128                             {manageable} {ergonomic}
     bool UseCompressedOops                        = true                           {product lp64_product} {ergonomic}
     bool UseG1GC                                  = true                                      {product} {ergonomic}
     bool UseLargePagesIndividualAllocation        = false                                  {pd product} {ergonomic}

Logging:
Log output configuration:
 #0: stdout all=warning uptime,level,tags foldmultilines=false
 #1: stderr all=off uptime,level,tags foldmultilines=false

Environment Variables:
JAVA_HOME=C:\Program Files\Java\jdk-21
PATH=C:\Program Files\Common Files\Oracle\Java\javapath;C:\WINDOWS\system32;C:\WINDOWS;C:\WINDOWS\System32\Wbem;C:\WINDOWS\System32\WindowsPowerShell\v1.0\;C:\WINDOWS\System32\OpenSSH\;C:\Users\rusir\AppData\Local\Programs\Python\Python311;C:\Program Files\dotnet\;C:\Program Files\MySQL\MySQL Server 8.0\bin;C:\Users\rusir\Desktop\apache-tomcat-10.1.7-windows-x64\apache-tomcat-10.1.7;D:\software\flutter\bin;C:\Users\rusir\AppData\Local\Android\Sdk\cmdline-tools\latest\bin;C:\Program Files\Java\jdk-21\bin;C:\Users\rusir\AppData\Local\Microsoft\WindowsApps;C:\Users\rusir\AppData\Local\Programs\Microsoft VS Code\bin;C:\Users\rusir\AppData\Local\GitHubDesktop\bin;D:\software\flutter\bin;
USERNAME=rusir
OS=Windows_NT
PROCESSOR_IDENTIFIER=Intel64 Family 6 Model 186 Stepping 2, GenuineIntel
TMP=C:\Users\rusir\AppData\Local\Temp
TEMP=C:\Users\rusir\AppData\Local\Temp




Periodic native trim disabled

---------------  S Y S T E M  ---------------

OS:
 Windows 11 , 64 bit Build 26100 (10.0.26100.3912)
OS uptime: 2 days 17:10 hours
Hyper-V role detected

CPU: total 20 (initial active 20) (10 cores per cpu, 2 threads per core) family 6 model 186 stepping 2 microcode 0x4121, cx8, cmov, fxsr, ht, mmx, 3dnowpref, sse, sse2, sse3, ssse3, sse4.1, sse4.2, popcnt, lzcnt, tsc, tscinvbit, avx, avx2, aes, erms, clmul, bmi1, bmi2, adx, sha, fma, vzeroupper, clflush, clflushopt, clwb, hv, serialize, rdtscp, rdpid, fsrm, f16c, cet_ibt, cet_ss
Processor Information for processor 0
  Max Mhz: 2400, Current Mhz: 1520, Mhz Limit: 2400
Processor Information for processor 1
  Max Mhz: 2400, Current Mhz: 2400, Mhz Limit: 2400
Processor Information for processor 2
  Max Mhz: 2400, Current Mhz: 2400, Mhz Limit: 2400
Processor Information for processor 3
  Max Mhz: 2400, Current Mhz: 2400, Mhz Limit: 2400
Processor Information for processor 4
  Max Mhz: 2400, Current Mhz: 2400, Mhz Limit: 2400
Processor Information for processor 5
  Max Mhz: 2400, Current Mhz: 2400, Mhz Limit: 2400
Processor Information for processor 6
  Max Mhz: 2400, Current Mhz: 2400, Mhz Limit: 2400
Processor Information for processor 7
  Max Mhz: 2400, Current Mhz: 2400, Mhz Limit: 2400
Processor Information for processor 8
  Max Mhz: 2400, Current Mhz: 2400, Mhz Limit: 2400
Processor Information for processor 9
  Max Mhz: 2400, Current Mhz: 2400, Mhz Limit: 2400
Processor Information for processor 10
  Max Mhz: 2400, Current Mhz: 2400, Mhz Limit: 2400
Processor Information for processor 11
  Max Mhz: 2400, Current Mhz: 2400, Mhz Limit: 2400
Processor Information for processor 12
  Max Mhz: 2400, Current Mhz: 2400, Mhz Limit: 2400
Processor Information for processor 13
  Max Mhz: 2400, Current Mhz: 2400, Mhz Limit: 2400
Processor Information for processor 14
  Max Mhz: 2400, Current Mhz: 2400, Mhz Limit: 2400
Processor Information for processor 15
  Max Mhz: 2400, Current Mhz: 2400, Mhz Limit: 2400
Processor Information for processor 16
  Max Mhz: 2400, Current Mhz: 2400, Mhz Limit: 2400
Processor Information for processor 17
  Max Mhz: 2400, Current Mhz: 2400, Mhz Limit: 2400
Processor Information for processor 18
  Max Mhz: 2400, Current Mhz: 2400, Mhz Limit: 2400
Processor Information for processor 19
  Max Mhz: 2400, Current Mhz: 2400, Mhz Limit: 2400

Memory: 4k page, system-wide physical 16108M (738M free)
TotalPageFile size 24108M (AvailPageFile size 124M)
current process WorkingSet (physical memory assigned to process): 12M, peak: 12M
current process commit charge ("private bytes"): 75M, peak: 327M

vm_info: Java HotSpot(TM) 64-Bit Server VM (21.0.6+8-LTS-188) for windows-amd64 JRE (21.0.6+8-LTS-188), built on 2024-12-03T10:50:54Z by "mach5one" with MS VC++ 17.6 (VS2022)

END.
